<?xml version="1.0" encoding="UTF-8"?>
<!-- Generated by org.testng.reporters.JUnitXMLReporter -->
<testsuite hostname="stummulw.remote.csb" ignored="0" name="Command line test" tests="28" failures="0" timestamp="2020-12-07T13:06:27 IST" time="0.036" errors="0">
  <testcase name="@BeforeTest setUp" time="0.005" classname="com.qa.testcases.AddCandidateTest">
    <failure type="java.lang.NullPointerException">
      <![CDATA[java.lang.NullPointerException
at com.qa.base.TestBase.intialization(TestBase.java:41)
at com.qa.testcases.AddCandidateTest.setUp(AddCandidateTest.java:24)
... Removed 34 stack frames]]>
    </failure>
  </testcase> <!-- @BeforeTest setUp -->
  <testcase name="@BeforeMethod setUp" time="-1.607326587054E9" classname="com.qa.testcases.AssignLeaveTest">
    <skipped/>
  </testcase> <!-- @BeforeMethod setUp -->
  <testcase name="@BeforeMethod setUp" time="-1.607326587057E9" classname="com.qa.testcases.AssignLeaveTest">
    <skipped/>
  </testcase> <!-- @BeforeMethod setUp -->
  <testcase name="@BeforeMethod setUp" time="-1.607326587057E9" classname="com.qa.testcases.PIMPageTest">
    <skipped/>
  </testcase> <!-- @BeforeMethod setUp -->
  <testcase name="@BeforeMethod setUp" time="-1.607326587058E9" classname="com.qa.testcases.PIMPageTest">
    <skipped/>
  </testcase> <!-- @BeforeMethod setUp -->
  <testcase name="@BeforeMethod SetUp" time="-1.607326587059E9" classname="com.qa.testcases.LeavePageTest">
    <skipped/>
  </testcase> <!-- @BeforeMethod SetUp -->
  <testcase name="@AfterMethod tearDown" time="-1.607326587059E9" classname="com.qa.testcases.LeavePageTest">
    <skipped/>
  </testcase> <!-- @AfterMethod tearDown -->
  <testcase name="@BeforeMethod setUp" time="-1.607326587059E9" classname="com.qa.testcases.RecruitmentPageTest">
    <skipped/>
  </testcase> <!-- @BeforeMethod setUp -->
  <testcase name="@BeforeMethod SetUp" time="-1.60732658706E9" classname="com.qa.testcases.LeavePageTest">
    <skipped/>
  </testcase> <!-- @BeforeMethod SetUp -->
  <testcase name="@AfterMethod tearDown" time="-1.60732658706E9" classname="com.qa.testcases.LeavePageTest">
    <skipped/>
  </testcase> <!-- @AfterMethod tearDown -->
  <testcase name="@BeforeMethod setUp" time="-1.60732658706E9" classname="com.qa.testcases.RecruitmentPageTest">
    <skipped/>
  </testcase> <!-- @BeforeMethod setUp -->
  <testcase name="@BeforeMethod setUp" time="-1.607326587061E9" classname="com.qa.testcases.RecruitmentPageTest">
    <skipped/>
  </testcase> <!-- @BeforeMethod setUp -->
  <testcase name="@BeforeMethod SetUp" time="-1.607326587061E9" classname="com.qa.testcases.LeavePageTest">
    <skipped/>
  </testcase> <!-- @BeforeMethod SetUp -->
  <testcase name="@AfterMethod tearDown" time="-1.607326587061E9" classname="com.qa.testcases.LeavePageTest">
    <skipped/>
  </testcase> <!-- @AfterMethod tearDown -->
  <testcase name="@BeforeMethod SetUp" time="-1.607326587061E9" classname="com.qa.testcases.LeavePageTest">
    <skipped/>
  </testcase> <!-- @BeforeMethod SetUp -->
  <testcase name="@AfterMethod tearDown" time="-1.607326587062E9" classname="com.qa.testcases.LeavePageTest">
    <skipped/>
  </testcase> <!-- @AfterMethod tearDown -->
  <testcase name="@BeforeMethod setUp" time="-1.607326587062E9" classname="com.qa.testcases.AddEmployeeTest">
    <skipped/>
  </testcase> <!-- @BeforeMethod setUp -->
  <testcase name="@AfterMethod tearDown" time="-1.607326587062E9" classname="com.qa.testcases.AddEmployeeTest">
    <skipped/>
  </testcase> <!-- @AfterMethod tearDown -->
  <testcase name="@BeforeMethod setUp" time="-1.607326587062E9" classname="com.qa.testcases.AddEmployeeTest">
    <skipped/>
  </testcase> <!-- @BeforeMethod setUp -->
  <testcase name="@AfterMethod tearDown" time="-1.607326587063E9" classname="com.qa.testcases.AddEmployeeTest">
    <skipped/>
  </testcase> <!-- @AfterMethod tearDown -->
  <testcase name="@BeforeMethod setUp" time="-1.607326587063E9" classname="com.qa.testcases.EmployeeListTest">
    <skipped/>
  </testcase> <!-- @BeforeMethod setUp -->
  <testcase name="@BeforeMethod SetUp" time="-1.607326587063E9" classname="com.qa.testcases.HomePageTest">
    <skipped/>
  </testcase> <!-- @BeforeMethod SetUp -->
  <testcase name="@AfterMethod tearDown" time="-1.607326587064E9" classname="com.qa.testcases.HomePageTest">
    <skipped/>
  </testcase> <!-- @AfterMethod tearDown -->
  <testcase name="@BeforeMethod SetUp" time="-1.607326587064E9" classname="com.qa.testcases.HomePageTest">
    <skipped/>
  </testcase> <!-- @BeforeMethod SetUp -->
  <testcase name="@AfterMethod tearDown" time="-1.607326587065E9" classname="com.qa.testcases.HomePageTest">
    <skipped/>
  </testcase> <!-- @AfterMethod tearDown -->
  <testcase name="@BeforeMethod SetUp" time="-1.607326587065E9" classname="com.qa.testcases.HomePageTest">
    <skipped/>
  </testcase> <!-- @BeforeMethod SetUp -->
  <testcase name="@AfterMethod tearDown" time="-1.607326587065E9" classname="com.qa.testcases.HomePageTest">
    <skipped/>
  </testcase> <!-- @AfterMethod tearDown -->
  <testcase name="@BeforeMethod SetUp" time="-1.607326587065E9" classname="com.qa.testcases.HomePageTest">
    <skipped/>
  </testcase> <!-- @BeforeMethod SetUp -->
  <testcase name="@AfterMethod tearDown" time="-1.607326587066E9" classname="com.qa.testcases.HomePageTest">
    <skipped/>
  </testcase> <!-- @AfterMethod tearDown -->
  <testcase name="@BeforeMethod SetUp" time="-1.607326587066E9" classname="com.qa.testcases.HomePageTest">
    <skipped/>
  </testcase> <!-- @BeforeMethod SetUp -->
  <testcase name="@AfterMethod tearDown" time="-1.607326587066E9" classname="com.qa.testcases.HomePageTest">
    <skipped/>
  </testcase> <!-- @AfterMethod tearDown -->
  <testcase name="@BeforeMethod SetUp" time="-1.607326587066E9" classname="com.qa.testcases.LoginPageTest">
    <skipped/>
  </testcase> <!-- @BeforeMethod SetUp -->
  <testcase name="@AfterMethod tearDown" time="-1.607326587066E9" classname="com.qa.testcases.LoginPageTest">
    <skipped/>
  </testcase> <!-- @AfterMethod tearDown -->
  <testcase name="@BeforeMethod SetUp" time="-1.607326587067E9" classname="com.qa.testcases.LoginPageTest">
    <skipped/>
  </testcase> <!-- @BeforeMethod SetUp -->
  <testcase name="@AfterMethod tearDown" time="-1.607326587067E9" classname="com.qa.testcases.LoginPageTest">
    <skipped/>
  </testcase> <!-- @AfterMethod tearDown -->
  <testcase name="@BeforeMethod setUp" time="-1.607326587067E9" classname="com.qa.testcases.AddEntitlementTest">
    <skipped/>
  </testcase> <!-- @BeforeMethod setUp -->
  <testcase name="@AfterMethod tearDown" time="-1.607326587067E9" classname="com.qa.testcases.AddEntitlementTest">
    <skipped/>
  </testcase> <!-- @AfterMethod tearDown -->
  <testcase name="@BeforeMethod SetUp" time="-1.607326587068E9" classname="com.qa.testcases.EntitlementPageTest">
    <skipped/>
  </testcase> <!-- @BeforeMethod SetUp -->
  <testcase name="@AfterMethod tearDown" time="-1.607326587068E9" classname="com.qa.testcases.EntitlementPageTest">
    <skipped/>
  </testcase> <!-- @AfterMethod tearDown -->
  <testcase name="@BeforeMethod SetUp" time="-1.607326587068E9" classname="com.qa.testcases.EntitlementPageTest">
    <skipped/>
  </testcase> <!-- @BeforeMethod SetUp -->
  <testcase name="@AfterMethod tearDown" time="-1.607326587068E9" classname="com.qa.testcases.EntitlementPageTest">
    <skipped/>
  </testcase> <!-- @AfterMethod tearDown -->
  <testcase name="@BeforeMethod setUp" time="-1.607326587069E9" classname="com.qa.testcases.RecruitmentPageTest">
    <skipped/>
  </testcase> <!-- @BeforeMethod setUp -->
  <testcase name="@BeforeMethod setUp" time="-1.607326587069E9" classname="com.qa.testcases.RecruitmentPageTest">
    <skipped/>
  </testcase> <!-- @BeforeMethod setUp -->
  <testcase name="@BeforeMethod setUp" time="-1.607326587069E9" classname="com.qa.testcases.RecruitmentPageTest">
    <skipped/>
  </testcase> <!-- @BeforeMethod setUp -->
  <testcase name="varifyleaveType" time="0.0" classname="com.qa.testcases.AssignLeaveTest">
    <skipped/>
  </testcase> <!-- varifyleaveType -->
  <testcase name="varifyEnterName" time="0.0" classname="com.qa.testcases.AssignLeaveTest">
    <skipped/>
  </testcase> <!-- varifyEnterName -->
  <testcase name="validateAddEmp" time="0.0" classname="com.qa.testcases.PIMPageTest">
    <skipped/>
  </testcase> <!-- validateAddEmp -->
  <testcase name="validateEmpList" time="0.0" classname="com.qa.testcases.PIMPageTest">
    <skipped/>
  </testcase> <!-- validateEmpList -->
  <testcase name="varifyCreditials" time="0.0" classname="com.qa.testcases.AddCandidateTest">
    <skipped/>
  </testcase> <!-- varifyCreditials -->
  <testcase name="varifyAssignPage" time="0.0" classname="com.qa.testcases.LeavePageTest">
    <skipped/>
  </testcase> <!-- varifyAssignPage -->
  <testcase name="varifyjobTitle" time="0.0" classname="com.qa.testcases.RecruitmentPageTest">
    <skipped/>
  </testcase> <!-- varifyjobTitle -->
  <testcase name="varifyEntitlementPage" time="0.0" classname="com.qa.testcases.LeavePageTest">
    <skipped/>
  </testcase> <!-- varifyEntitlementPage -->
  <testcase name="varifyjobVacancy" time="0.0" classname="com.qa.testcases.RecruitmentPageTest">
    <skipped/>
  </testcase> <!-- varifyjobVacancy -->
  <testcase name="varifyHiringManager" time="0.0" classname="com.qa.testcases.RecruitmentPageTest">
    <skipped/>
  </testcase> <!-- varifyHiringManager -->
  <testcase name="varifyLeaveList" time="0.0" classname="com.qa.testcases.LeavePageTest">
    <skipped/>
  </testcase> <!-- varifyLeaveList -->
  <testcase name="varifyReports" time="0.0" classname="com.qa.testcases.LeavePageTest">
    <skipped/>
  </testcase> <!-- varifyReports -->
  <testcase name="validateTitle" time="0.0" classname="com.qa.testcases.AddEmployeeTest">
    <skipped/>
  </testcase> <!-- validateTitle -->
  <testcase name="validateCreditionals" time="0.0" classname="com.qa.testcases.AddEmployeeTest">
    <skipped/>
  </testcase> <!-- validateCreditionals -->
  <testcase name="varifyEmpSearch" time="0.0" classname="com.qa.testcases.EmployeeListTest">
    <skipped/>
  </testcase> <!-- varifyEmpSearch -->
  <testcase name="varifyAdmin" time="0.0" classname="com.qa.testcases.HomePageTest">
    <skipped/>
  </testcase> <!-- varifyAdmin -->
  <testcase name="varifyHomePageTitleTest" time="0.0" classname="com.qa.testcases.HomePageTest">
    <skipped/>
  </testcase> <!-- varifyHomePageTitleTest -->
  <testcase name="varifyPIM" time="0.0" classname="com.qa.testcases.HomePageTest">
    <skipped/>
  </testcase> <!-- varifyPIM -->
  <testcase name="varifyRecruitment" time="0.0" classname="com.qa.testcases.HomePageTest">
    <skipped/>
  </testcase> <!-- varifyRecruitment -->
  <testcase name="verifyLeavePage" time="0.0" classname="com.qa.testcases.HomePageTest">
    <skipped/>
  </testcase> <!-- verifyLeavePage -->
  <testcase name="ValidatetitleTest" time="0.0" classname="com.qa.testcases.LoginPageTest">
    <skipped/>
  </testcase> <!-- ValidatetitleTest -->
  <testcase name="validateLogin" time="0.0" classname="com.qa.testcases.LoginPageTest">
    <skipped/>
  </testcase> <!-- validateLogin -->
  <testcase name="addEmpEntitlement" time="0.0" classname="com.qa.testcases.AddEntitlementTest">
    <skipped/>
  </testcase> <!-- addEmpEntitlement -->
  <testcase name="varifyAddEnt" time="0.0" classname="com.qa.testcases.EntitlementPageTest">
    <skipped/>
  </testcase> <!-- varifyAddEnt -->
  <testcase name="varifyEmpEnt" time="0.0" classname="com.qa.testcases.EntitlementPageTest">
    <skipped/>
  </testcase> <!-- varifyEmpEnt -->
  <testcase name="varifyStatus" time="0.0" classname="com.qa.testcases.RecruitmentPageTest">
    <skipped/>
  </testcase> <!-- varifyStatus -->
  <testcase name="varifyCandidateCreaditials" time="0.0" classname="com.qa.testcases.RecruitmentPageTest">
    <skipped/>
  </testcase> <!-- varifyCandidateCreaditials -->
  <testcase name="varifyAddCandidate" time="0.0" classname="com.qa.testcases.RecruitmentPageTest">
    <skipped/>
  </testcase> <!-- varifyAddCandidate -->
</testsuite> <!-- Command line test -->
