<?xml version="1.0" encoding="UTF-8"?>
<testng-results skipped="0" failed="0" total="1" passed="1">
  <reporter-output>
  </reporter-output>
  <suite name="Default suite" duration-ms="26038" started-at="2020-06-05T15:15:24Z" finished-at="2020-06-05T15:15:50Z">
    <groups>
    </groups>
    <test name="Default test" duration-ms="26038" started-at="2020-06-05T15:15:24Z" finished-at="2020-06-05T15:15:50Z">
      <class name="com.qa.testcases.AddEntitlementTest">
        <test-method status="PASS" signature="setUp()[pri:0, instance:com.qa.testcases.AddEntitlementTest@2aaf7cc2]" name="setUp" is-config="true" duration-ms="23592" started-at="2020-06-05T20:45:24Z" finished-at="2020-06-05T20:45:48Z">
          <reporter-output>
          </reporter-output>
        </test-method> <!-- setUp -->
        <test-method status="PASS" signature="addEmpEntitlement()[pri:0, instance:com.qa.testcases.AddEntitlementTest@2aaf7cc2]" name="addEmpEntitlement" duration-ms="1558" started-at="2020-06-05T20:45:48Z" finished-at="2020-06-05T20:45:49Z">
          <reporter-output>
          </reporter-output>
        </test-method> <!-- addEmpEntitlement -->
        <test-method status="PASS" signature="tearDown()[pri:0, instance:com.qa.testcases.AddEntitlementTest@2aaf7cc2]" name="tearDown" is-config="true" duration-ms="836" started-at="2020-06-05T20:45:49Z" finished-at="2020-06-05T20:45:50Z">
          <reporter-output>
          </reporter-output>
        </test-method> <!-- tearDown -->
      </class> <!-- com.qa.testcases.AddEntitlementTest -->
    </test> <!-- Default test -->
  </suite> <!-- Default suite -->
</testng-results>
