<?xml version="1.0" encoding="UTF-8"?>
<testng-results skipped="0" failed="0" total="1" passed="1">
  <reporter-output>
  </reporter-output>
  <suite name="Default suite" duration-ms="34079" started-at="2020-06-10T11:23:27Z" finished-at="2020-06-10T11:24:01Z">
    <groups>
    </groups>
    <test name="Default test" duration-ms="34079" started-at="2020-06-10T11:23:27Z" finished-at="2020-06-10T11:24:01Z">
      <class name="com.qa.testcases.AddCandidateTest">
        <test-method status="PASS" signature="setUp()[pri:0, instance:com.qa.testcases.AddCandidateTest@725bef66]" name="setUp" is-config="true" duration-ms="24568" started-at="2020-06-10T16:53:27Z" finished-at="2020-06-10T16:53:51Z">
          <reporter-output>
          </reporter-output>
        </test-method> <!-- setUp -->
        <test-method status="PASS" signature="varifyCreditials()[pri:1, instance:com.qa.testcases.AddCandidateTest@725bef66]" name="varifyCreditials" duration-ms="9460" started-at="2020-06-10T16:53:51Z" finished-at="2020-06-10T16:54:01Z">
          <reporter-output>
          </reporter-output>
        </test-method> <!-- varifyCreditials -->
      </class> <!-- com.qa.testcases.AddCandidateTest -->
    </test> <!-- Default test -->
  </suite> <!-- Default suite -->
</testng-results>
